<?xml version="1.0" encoding="UTF-8"?>
<!-- Generated by org.testng.reporters.JUnitReportReporter -->
<testsuite hostname="DESKTOP-8NEVVBR" failures="0" tests="1" name="Practice.CreateOrgTest" time="0.014" errors="0" timestamp="2022-09-20T21:23:53 IST" skipped="0">
  <testcase classname="Practice.CreateOrgTest" name="createNewOrg" time="0.014"/>
  <system-out/>
</testsuite> <!-- Practice.CreateOrgTest -->
