<?xml version="1.0" encoding="UTF-8"?>
<!-- Generated by org.testng.reporters.JUnitReportReporter -->
<testsuite hostname="DESKTOP-8NEVVBR" failures="0" tests="1" name="Practice.CreateContactTest" time="0.014" errors="0" timestamp="2022-09-21T10:46:19 IST" skipped="0">
  <testcase classname="Practice.CreateContactTest" name="createContact" time="0.014"/>
  <system-out/>
</testsuite> <!-- Practice.CreateContactTest -->
